1511142474784	geckodriver	INFO	geckodriver 0.19.1
1511142474815	geckodriver	INFO	Listening on 127.0.0.1:57872
1511142477113	mozrunner::runner	INFO	Running command: "C:\\Program Files\\Mozilla Firefox\\firefox.exe" "-marionette" "-profile" "C:\\Users\\a-wawon\\AppData\\Local\\Temp\\rust_mozprofile.C5Xqk4xxIHgq"
1511142480246	Marionette	INFO	Enabled via --marionette
Unable to read VR Path Registry from C:\Users\a-wawon\AppData\Local\openvr\openvrpaths.vrpath
[Parent 2888, Gecko_IOThread] WARNING: pipe error: 109: file z:/build/build/src/ipc/chromium/src/chrome/common/ipc_channel_win.cc, line 346
1511142485521	Marionette	INFO	Listening on port 57882
1511142486779	Marionette	WARN	TLS certificate errors will be ignored for this session
1511142487268	Marionette	DEBUG	Register listener.js for window 4294967297
1511142487793	Marionette	DEBUG	Received DOM event "beforeunload" for "about:blank"
1511142489722	Marionette	DEBUG	Received DOM event "pagehide" for "about:blank"
1511142489722	Marionette	DEBUG	Received DOM event "unload" for "about:blank"
1511142491029	Marionette	DEBUG	Received DOM event "DOMContentLoaded" for "https://angel.co/companies?locations[]=1644-Hong+Kong&company_types[]=Startup"
Unable to read VR Path Registry from C:\Users\a-wawon\AppData\Local\openvr\openvrpaths.vrpath
JavaScript warning: https://www.googletagmanager.com/gtag/js?id=AW-828140943, line 64: unreachable code after return statement
JavaScript warning: https://www.googletagmanager.com/gtag/js?id=AW-828140943, line 64: unreachable code after return statement
1511142505683	Marionette	DEBUG	Received DOM event "pageshow" for "https://angel.co/companies?locations[]=1644-Hong+Kong&company_types[]=Startup"
1511142509213	Marionette	DEBUG	Canceled page load listener because no navigation has been detected
Unable to read VR Path Registry from C:\Users\a-wawon\AppData\Local\openvr\openvrpaths.vrpath
[Child 20092, Chrome_ChildThread] WARNING: pipe error: 109: file z:/build/build/src/ipc/chromium/src/chrome/common/ipc_channel_win.cc, line 346
[Child 20092, Chrome_ChildThread] WARNING: pipe error: 109: file z:/build/build/src/ipc/chromium/src/chrome/common/ipc_channel_win.cc, line 346
[Parent 2888, Gecko_IOThread] WARNING: pipe error: 109: file z:/build/build/src/ipc/chromium/src/chrome/common/ipc_channel_win.cc, line 346
[Child 14708, Chrome_ChildThread] WARNING: pipe error: 109: file z:/build/build/src/ipc/chromium/src/chrome/common/ipc_channeUnable to read VR Path Registry from C:\Users\a-wawon\AppData\Local\openvr\openvrpaths.vrpath
[Parent 12984, Gecko_IOThread] WARNING: pipe error: 109: file z:/build/build/src/ipc/chromium/src/chrome/common/ipc_channel_win.cc, line 346
[Parent 12984, Gecko_IOThread] WARNING: pipe error: 109: file z:/build/build/src/ipc/chromium/src/chrome/common/ipc_channel_win.cc, line 346
[Parent 12984, Gecko_IOThread] WARNING: pipe error: 109: file z:/build/build/src/ipc/chromium/src/chrome/common/ipc_channel_win.cc, line 346
Unable to read VR Path Registry from C:\Users\a-wawon\AppData\Local\openvr\openvrpaths.vrpath
[Child 19284, Chrome_ChildThread] WARNING: pipe error: 109: file z:/build/build/src/ipc/chromium/src/chrome/common/ipc_channel_win.cc, line 346
[Child 19284, Chrome_ChildThread] WARNING: pipe error: 109: file z:/build/build/src/ipc/chromium/src/chrome/common/ipc_channel_win.cc, line 346
Unable to read VR Path Registry from C:\Users\a-wawon\AppData\Local\openvr\openvrpaths.vrpath
[Child 3392, Chrome_ChildThread] WARNING: pipe error: 109: file z:/build/build/src/ipc/chromium/src/chrome/common/ipc_channel_win.cc, line 346
[Child 3392, Chrome_ChildThread] WARNING: pipe error: 109: file z:/build/build/src/ipc/chromium/src/chrome/common/ipc_channel_win.cc, line 346
[Child 10784, Chrome_ChildThread] WARNING: pipe error: 109: file z:/build/build/src/ipc/chromium/src/chrome/common/ipc_channel_win.cc, line 346
[Child 10784, Chrome_ChildThread] WARNING: pipe error: 109: file z:/build/build/src/ipc/chromium/src/chrome/common/ipc_channel_win.cc, line 346
Unable to read VR Path Registry from C:\Users\a-wawon\AppData\Local\openvr\openvrpaths.vrpath
[Child 16632, Chrome_ChildThread] WARNING: pipe error: 109: file z:/build/build/src/ipc/chromium/src/chrome/common/ipc_channel_win.cc, line 346
[Child 16632, Chrome_ChildThread] WARNING: pipe error: 109: file z:/build/build/src/ipc/chromium/src/chrome/common/ipc_channel_win.cc, line 346
Unable to read VR Path Registry from C:\Users\a-wawon\AppData\Local\openvr\openvrpaths.vrpath
[Child 10544, Chrome_ChildThread] WARNING: pipe error: 109: file z:/build/build/src/ipc/chromium/src/chrome/common/ipc_channel_win.cc, line 346
[Child 10544, Chrome_ChildThread] WARNING: pipe error: 109: file z:/build/build/src/ipc/chromium/src/chrome/common/ipc_channel_win.cc, line 346

###!!! [Child][MessageChannel::SendAndWait] Error: Channel error: cannot send/recv

